#
# A fatal error has been detected by the Java Runtime Environment:
#
#  EXCEPTION_ACCESS_VIOLATION (0xc0000005) at pc=0x00007ffaa5f0457d, pid=2692, tid=0x0000000000002e9c
#
# JRE version: Java(TM) SE Runtime Environment (8.0_111-b14) (build 1.8.0_111-b14)
# Java VM: Java HotSpot(TM) 64-Bit Server VM (25.111-b14 mixed mode windows-amd64 compressed oops)
# Problematic frame:
# C  [ig8icd64.dll+0x23457d]
#
# Failed to write core dump. Minidumps are not enabled by default on client versions of Windows
#
# If you would like to submit a bug report, please visit:
#   http://bugreport.java.com/bugreport/crash.jsp
# The crash happened outside the Java Virtual Machine in native code.
# See problematic frame for where to report the bug.
#

---------------  T H R E A D  ---------------

Current thread (0x00000000029b4800):  JavaThread "Client thread" [_thread_in_native, id=11932, stack(0x00000000028b0000,0x00000000029b0000)]

siginfo: ExceptionCode=0xc0000005, reading address 0x0000000000000008

Registers:
RAX=0x0000000000000af0, RBX=0x0000000000c62580, RCX=0x0000000000000000, RDX=0x000000005bd72cc0
RSP=0x00000000029a9b10, RBP=0x00000000029a9c10, RSI=0x0000000000000006, RDI=0x00000000637ca330
R8 =0x000000000000001c, R9 =0x0000000000000000, R10=0x0000000000000002, R11=0x0000000000000002
R12=0x0000000000000008, R13=0x0000000000000adc, R14=0x0000000000000000, R15=0x0000000000c880e8
RIP=0x00007ffaa5f0457d, EFLAGS=0x0000000000010206

Top of Stack: (sp=0x00000000029a9b10)
0x00000000029a9b10:   0000000000c62580 0000000000000006
0x00000000029a9b20:   00000000637df110 0000000176db09b8
0x00000000029a9b30:   e5dcc04d00000000 000000000000000b
0x00000000029a9b40:   0020000000000002 0000000000000002
0x00000000029a9b50:   0000000000c88118 0000000002000002
0x00000000029a9b60:   0000000076db08d8 00000002ffffffff
0x00000000029a9b70:   0000000000000000 0000000000000002
0x00000000029a9b80:   bc9d056900000015 77c89514ffffffff
0x00000000029a9b90:   000000005bfecf14 0000000076e49010
0x00000000029a9ba0:   0000000000000018 000000007134ced8
0x00000000029a9bb0:   ffffffff00000000 0000000076dd96b0
0x00000000029a9bc0:   000000000000001c 0000000076d9ff08
0x00000000029a9bd0:   000000005bd54f60 00007ffa76db0978
0x00000000029a9be0:   0000000076da43c8 00007ffa76d9ff08
0x00000000029a9bf0:   0000000076e490b0 00007ffa76e15580
0x00000000029a9c00:   000000006380f160 000000007134c838 

Instructions: (pc=0x00007ffaa5f0457d)
0x00007ffaa5f0455d:   8b 85 88 18 00 00 44 3b e8 41 0f 47 c5 89 85 88
0x00007ffaa5f0456d:   18 00 00 48 8b 4f 28 48 85 c9 74 58 48 8b 49 20
0x00007ffaa5f0457d:   48 8b 49 08 e8 ba ca 44 00 8b 95 88 18 00 00 03
0x00007ffaa5f0458d:   57 08 3b c2 73 32 48 8b d3 49 8b cf e8 82 42 00 


Register to memory mapping:

RAX=0x0000000000000af0 is an unknown value
RBX=0x0000000000c62580 is an unknown value
RCX=0x0000000000000000 is an unknown value
RDX=0x000000005bd72cc0 is an unknown value
RSP=0x00000000029a9b10 is pointing into the stack for thread: 0x00000000029b4800
RBP=0x00000000029a9c10 is pointing into the stack for thread: 0x00000000029b4800
RSI=0x0000000000000006 is an unknown value
RDI=0x00000000637ca330 is an unknown value
R8 =0x000000000000001c is an unknown value
R9 =0x0000000000000000 is an unknown value
R10=0x0000000000000002 is an unknown value
R11=0x0000000000000002 is an unknown value
R12=0x0000000000000008 is an unknown value
R13=0x0000000000000adc is an unknown value
R14=0x0000000000000000 is an unknown value
R15=0x0000000000c880e8 is an unknown value


Stack: [0x00000000028b0000,0x00000000029b0000],  sp=0x00000000029a9b10,  free space=998k
Native frames: (J=compiled Java code, j=interpreted, Vv=VM code, C=native code)
C  [ig8icd64.dll+0x23457d]

Java frames: (J=compiled Java code, j=interpreted, Vv=VM code)
J 7623  org.lwjgl.opengl.GL11.nglDrawArrays(IIIJ)V (0 bytes) @ 0x0000000003d7bd0e [0x0000000003d7bcc0+0x4e]
J 7616 C1 net.minecraft.client.renderer.GlStateManager.glDrawArrays(III)V (7 bytes) @ 0x0000000003d70b74 [0x0000000003d70700+0x474]
j  net.minecraft.client.renderer.WorldVertexBufferUploader.draw(Lnet/minecraft/client/renderer/VertexBuffer;)V+123
J 9972 C2 net.minecraft.client.renderer.Tessellator.draw()V (19 bytes) @ 0x00000000042aa6fc [0x00000000042aa640+0xbc]
j  net.minecraft.client.renderer.RenderGlobal.renderCloudsFancy(FI)V+2675
j  net.minecraft.client.renderer.RenderGlobal.renderClouds(FI)V+68
j  net.minecraft.client.renderer.EntityRenderer.renderCloudsCheck(Lnet/minecraft/client/renderer/RenderGlobal;FI)V+89
j  net.minecraft.client.renderer.EntityRenderer.renderWorldPass(IFJ)V+423
j  net.minecraft.client.renderer.EntityRenderer.renderWorld(FJ)V+125
j  net.minecraft.client.renderer.EntityRenderer.updateCameraAndRender(FJ)V+548
J 8035 C1 net.minecraft.client.Minecraft.runGameLoop()V (906 bytes) @ 0x0000000003e4f6d4 [0x0000000003e4d300+0x23d4]
j  net.minecraft.client.Minecraft.run()V+61
j  net.minecraft.client.main.Main.main([Ljava/lang/String;)V+1094
v  ~StubRoutines::call_stub
j  sun.reflect.NativeMethodAccessorImpl.invoke0(Ljava/lang/reflect/Method;Ljava/lang/Object;[Ljava/lang/Object;)Ljava/lang/Object;+0
j  sun.reflect.NativeMethodAccessorImpl.invoke(Ljava/lang/Object;[Ljava/lang/Object;)Ljava/lang/Object;+100
j  sun.reflect.DelegatingMethodAccessorImpl.invoke(Ljava/lang/Object;[Ljava/lang/Object;)Ljava/lang/Object;+6
j  java.lang.reflect.Method.invoke(Ljava/lang/Object;[Ljava/lang/Object;)Ljava/lang/Object;+56
j  net.minecraft.launchwrapper.Launch.launch([Ljava/lang/String;)V+661
j  net.minecraft.launchwrapper.Launch.main([Ljava/lang/String;)V+8
v  ~StubRoutines::call_stub
j  sun.reflect.NativeMethodAccessorImpl.invoke0(Ljava/lang/reflect/Method;Ljava/lang/Object;[Ljava/lang/Object;)Ljava/lang/Object;+0
j  sun.reflect.NativeMethodAccessorImpl.invoke(Ljava/lang/Object;[Ljava/lang/Object;)Ljava/lang/Object;+100
j  sun.reflect.DelegatingMethodAccessorImpl.invoke(Ljava/lang/Object;[Ljava/lang/Object;)Ljava/lang/Object;+6
j  java.lang.reflect.Method.invoke(Ljava/lang/Object;[Ljava/lang/Object;)Ljava/lang/Object;+56
j  net.minecraftforge.gradle.GradleStartCommon.launch([Ljava/lang/String;)V+169
j  GradleStart.main([Ljava/lang/String;)V+11
v  ~StubRoutines::call_stub

---------------  P R O C E S S  ---------------

Java Threads: ( => current thread )
  0x000000006bc68800 JavaThread "pool-2-thread-1" [_thread_in_native, id=1836, stack(0x0000000000110000,0x0000000000210000)]
  0x000000006bc6c000 JavaThread "File IO Thread" [_thread_blocked, id=7736, stack(0x0000000000010000,0x0000000000110000)]
  0x000000006bc6f000 JavaThread "Chunk Batcher 1" daemon [_thread_blocked, id=6148, stack(0x0000000077100000,0x0000000077200000)]
  0x000000006bc6d800 JavaThread "Chunk Batcher 0" daemon [_thread_blocked, id=11416, stack(0x0000000077000000,0x0000000077100000)]
  0x000000006bc6b800 JavaThread "Chunk I/O Executor Thread-1" daemon [_thread_blocked, id=11420, stack(0x0000000076f00000,0x0000000077000000)]
  0x000000006bc6d000 JavaThread "Netty Server IO #1" daemon [_thread_in_native, id=1532, stack(0x0000000076c00000,0x0000000076d00000)]
  0x000000006bc6a800 JavaThread "Netty Local Client IO #0" daemon [_thread_blocked, id=12004, stack(0x0000000076b00000,0x0000000076c00000)]
  0x0000000016bef800 JavaThread "Keep-Alive-Timer" daemon [_thread_blocked, id=9380, stack(0x0000000076a00000,0x0000000076b00000)]
  0x0000000016bec800 JavaThread "Netty Server IO #0" daemon [_thread_in_native, id=11752, stack(0x0000000076800000,0x0000000076900000)]
  0x0000000016beb000 JavaThread "Server thread" [_thread_in_vm, id=11940, stack(0x0000000076700000,0x0000000076800000)]
  0x0000000016bf0000 JavaThread "Snooper Timer" daemon [_thread_blocked, id=11012, stack(0x0000000076600000,0x0000000076700000)]
  0x0000000016beb800 JavaThread "Thread-13" [_thread_blocked, id=6104, stack(0x00000000716f0000,0x00000000717f0000)]
  0x0000000016bea000 JavaThread "Thread-12" [_thread_blocked, id=10808, stack(0x00000000715f0000,0x00000000716f0000)]
  0x0000000016bed000 JavaThread "AWT-Windows" daemon [_thread_in_native, id=6472, stack(0x0000000070fb0000,0x00000000710b0000)]
  0x000000001970d000 JavaThread "LWJGL Timer" daemon [_thread_blocked, id=11096, stack(0x00000000653d0000,0x00000000654d0000)]
  0x00000000166c4800 JavaThread "Java2D Disposer" daemon [_thread_blocked, id=11384, stack(0x000000001b690000,0x000000001b790000)]
  0x0000000016c1a000 JavaThread "Timer hack thread" daemon [_thread_blocked, id=12092, stack(0x000000001b590000,0x000000001b690000)]
  0x0000000017670000 JavaThread "Snooper Timer" daemon [_thread_blocked, id=7932, stack(0x00000000199f0000,0x0000000019af0000)]
  0x0000000014ef7000 JavaThread "Service Thread" daemon [_thread_blocked, id=5660, stack(0x00000000160c0000,0x00000000161c0000)]
  0x0000000014e83000 JavaThread "C1 CompilerThread1" daemon [_thread_in_native, id=3248, stack(0x0000000015fc0000,0x00000000160c0000)]
  0x0000000014e80800 JavaThread "C2 CompilerThread0" daemon [_thread_in_native, id=4460, stack(0x0000000015ec0000,0x0000000015fc0000)]
  0x0000000014e7f800 JavaThread "Attach Listener" daemon [_thread_blocked, id=6312, stack(0x0000000015dc0000,0x0000000015ec0000)]
  0x0000000014e7c000 JavaThread "Signal Dispatcher" daemon [_thread_blocked, id=10736, stack(0x0000000015cc0000,0x0000000015dc0000)]
  0x0000000014e68800 JavaThread "Finalizer" daemon [_thread_blocked, id=11304, stack(0x0000000015ad0000,0x0000000015bd0000)]
  0x0000000002aa2800 JavaThread "Reference Handler" daemon [_thread_blocked, id=860, stack(0x00000000159d0000,0x0000000015ad0000)]
=>0x00000000029b4800 JavaThread "Client thread" [_thread_in_native, id=11932, stack(0x00000000028b0000,0x00000000029b0000)]

Other Threads:
  0x0000000014e46800 VMThread [stack: 0x00000000158d0000,0x00000000159d0000] [id=8720]
  0x0000000014f0c000 WatcherThread [stack: 0x00000000161c0000,0x00000000162c0000] [id=12148]

VM state:not at safepoint (normal execution)

VM Mutex/Monitor currently owned by a thread: None

Heap:
 PSYoungGen      total 252416K, used 103577K [0x00000000eb180000, 0x00000000ff480000, 0x0000000100000000)
  eden space 172544K, 54% used [0x00000000eb180000,0x00000000f0d2a080,0x00000000f5a00000)
  from space 79872K, 12% used [0x00000000fa680000,0x00000000faffc4a0,0x00000000ff480000)
  to   space 78336K, 0% used [0x00000000f5a00000,0x00000000f5a00000,0x00000000fa680000)
 ParOldGen       total 325120K, used 262591K [0x00000000c1400000, 0x00000000d5180000, 0x00000000eb180000)
  object space 325120K, 80% used [0x00000000c1400000,0x00000000d146fc28,0x00000000d5180000)
 Metaspace       used 49909K, capacity 50357K, committed 50816K, reserved 1093632K
  class space    used 6097K, capacity 6251K, committed 6272K, reserved 1048576K

Card table byte_map: [0x0000000011e70000,0x0000000012070000] byte_map_base: 0x0000000011866000

Marking Bits: (ParMarkBitMap*) 0x00000000632da6c0
 Begin Bits: [0x00000000123c0000, 0x0000000013370000)
 End Bits:   [0x0000000013370000, 0x0000000014320000)

Polling page: 0x0000000000b50000

CodeCache: size=245760Kb used=25868Kb max_used=25868Kb free=219891Kb
 bounds [0x0000000002ab0000, 0x0000000004420000, 0x0000000011ab0000]
 total_blobs=8466 nmethods=7517 adapters=859
 compilation: enabled

Compilation events (10 events):
Event: 269.118 Thread 0x0000000014e80800 nmethod 10560% 0x0000000004412bd0 code [0x0000000004412e00, 0x00000000044143a8]
Event: 269.118 Thread 0x0000000014e80800 10569 % !   4       net.minecraft.entity.Entity::moveEntity @ 601 (2130 bytes)
Event: 269.137 Thread 0x0000000014e83000 10571       2       net.minecraft.client.renderer.WorldVertexBufferUploader::draw (198 bytes)
Event: 269.140 Thread 0x0000000014e83000 nmethod 10571 0x000000000440c250 code [0x000000000440c480, 0x000000000440cc38]
Event: 269.164 Thread 0x0000000014e83000 10572       2       java.util.LinkedList$ListItr::<init> (47 bytes)
Event: 269.165 Thread 0x0000000014e83000 nmethod 10572 0x0000000004404b10 code [0x0000000004404c80, 0x0000000004404e68]
Event: 269.173 Thread 0x0000000014e83000 10573       2       net.minecraft.entity.EntityLivingBase::setAIMoveSpeed (6 bytes)
Event: 269.173 Thread 0x0000000014e83000 nmethod 10573 0x00000000044047d0 code [0x0000000004404920, 0x0000000004404a70]
Event: 269.198 Thread 0x0000000014e83000 10574       2       java.util.regex.Pattern$Node::study (21 bytes)
Event: 269.199 Thread 0x0000000014e83000 nmethod 10574 0x000000000440be90 code [0x000000000440c000, 0x000000000440c1a8]

GC Heap History (10 events):
Event: 255.102 GC heap before
{Heap before GC invocations=53 (full 8):
 PSYoungGen      total 246784K, used 161263K [0x00000000eb180000, 0x00000000ffc00000, 0x0000000100000000)
  eden space 153088K, 100% used [0x00000000eb180000,0x00000000f4700000,0x00000000f4700000)
  from space 93696K, 8% used [0x00000000fa080000,0x00000000fa87bc68,0x00000000ffc00000)
  to   space 91648K, 0% used [0x00000000f4700000,0x00000000f4700000,0x00000000fa080000)
 ParOldGen       total 325120K, used 225857K [0x00000000c1400000, 0x00000000d5180000, 0x00000000eb180000)
  object space 325120K, 69% used [0x00000000c1400000,0x00000000cf0906b8,0x00000000d5180000)
 Metaspace       used 45900K, capacity 46321K, committed 46848K, reserved 1089536K
  class space    used 5666K, capacity 5791K, committed 5888K, reserved 1048576K
Event: 255.163 GC heap after
Heap after GC invocations=53 (full 8):
 PSYoungGen      total 172032K, used 18693K [0x00000000eb180000, 0x00000000ff500000, 0x0000000100000000)
  eden space 153088K, 0% used [0x00000000eb180000,0x00000000eb180000,0x00000000f4700000)
  from space 18944K, 98% used [0x00000000f4700000,0x00000000f5941590,0x00000000f5980000)
  to   space 87040K, 0% used [0x00000000fa000000,0x00000000fa000000,0x00000000ff500000)
 ParOldGen       total 325120K, used 231891K [0x00000000c1400000, 0x00000000d5180000, 0x00000000eb180000)
  object space 325120K, 71% used [0x00000000c1400000,0x00000000cf674da0,0x00000000d5180000)
 Metaspace       used 45900K, capacity 46321K, committed 46848K, reserved 1089536K
  class space    used 5666K, capacity 5791K, committed 5888K, reserved 1048576K
}
Event: 260.888 GC heap before
{Heap before GC invocations=54 (full 8):
 PSYoungGen      total 172032K, used 171781K [0x00000000eb180000, 0x00000000ff500000, 0x0000000100000000)
  eden space 153088K, 100% used [0x00000000eb180000,0x00000000f4700000,0x00000000f4700000)
  from space 18944K, 98% used [0x00000000f4700000,0x00000000f5941590,0x00000000f5980000)
  to   space 87040K, 0% used [0x00000000fa000000,0x00000000fa000000,0x00000000ff500000)
 ParOldGen       total 325120K, used 231891K [0x00000000c1400000, 0x00000000d5180000, 0x00000000eb180000)
  object space 325120K, 71% used [0x00000000c1400000,0x00000000cf674da0,0x00000000d5180000)
 Metaspace       used 48171K, capacity 48595K, committed 49152K, reserved 1091584K
  class space    used 5943K, capacity 6080K, committed 6144K, reserved 1048576K
Event: 260.931 GC heap after
Heap after GC invocations=54 (full 8):
 PSYoungGen      total 245760K, used 4824K [0x00000000eb180000, 0x00000000ffe00000, 0x0000000100000000)
  eden space 158720K, 0% used [0x00000000eb180000,0x00000000eb180000,0x00000000f4c80000)
  from space 87040K, 5% used [0x00000000fa000000,0x00000000fa4b60e0,0x00000000ff500000)
  to   space 85504K, 0% used [0x00000000f4c80000,0x00000000f4c80000,0x00000000fa000000)
 ParOldGen       total 325120K, used 249252K [0x00000000c1400000, 0x00000000d5180000, 0x00000000eb180000)
  object space 325120K, 76% used [0x00000000c1400000,0x00000000d07690d8,0x00000000d5180000)
 Metaspace       used 48171K, capacity 48595K, committed 49152K, reserved 1091584K
  class space    used 5943K, capacity 6080K, committed 6144K, reserved 1048576K
}
Event: 263.044 GC heap before
{Heap before GC invocations=55 (full 8):
 PSYoungGen      total 245760K, used 85577K [0x00000000eb180000, 0x00000000ffe00000, 0x0000000100000000)
  eden space 158720K, 50% used [0x00000000eb180000,0x00000000f005c3b8,0x00000000f4c80000)
  from space 87040K, 5% used [0x00000000fa000000,0x00000000fa4b60e0,0x00000000ff500000)
  to   space 85504K, 0% used [0x00000000f4c80000,0x00000000f4c80000,0x00000000fa000000)
 ParOldGen       total 325120K, used 249252K [0x00000000c1400000, 0x00000000d5180000, 0x00000000eb180000)
  object space 325120K, 76% used [0x00000000c1400000,0x00000000d07690d8,0x00000000d5180000)
 Metaspace       used 49070K, capacity 49463K, committed 50048K, reserved 1093632K
  class space    used 6020K, capacity 6150K, committed 6272K, reserved 1048576K
Event: 263.251 GC heap after
Heap after GC invocations=55 (full 8):
 PSYoungGen      total 244224K, used 15208K [0x00000000eb180000, 0x00000000ff600000, 0x0000000100000000)
  eden space 158720K, 0% used [0x00000000eb180000,0x00000000eb180000,0x00000000f4c80000)
  from space 85504K, 17% used [0x00000000f4c80000,0x00000000f5b5a128,0x00000000fa000000)
  to   space 81408K, 0% used [0x00000000fa680000,0x00000000fa680000,0x00000000ff600000)
 ParOldGen       total 325120K, used 252422K [0x00000000c1400000, 0x00000000d5180000, 0x00000000eb180000)
  object space 325120K, 77% used [0x00000000c1400000,0x00000000d0a81a60,0x00000000d5180000)
 Metaspace       used 49070K, capacity 49463K, committed 50048K, reserved 1093632K
  class space    used 6020K, capacity 6150K, committed 6272K, reserved 1048576K
}
Event: 263.251 GC heap before
{Heap before GC invocations=56 (full 9):
 PSYoungGen      total 244224K, used 15208K [0x00000000eb180000, 0x00000000ff600000, 0x0000000100000000)
  eden space 158720K, 0% used [0x00000000eb180000,0x00000000eb180000,0x00000000f4c80000)
  from space 85504K, 17% used [0x00000000f4c80000,0x00000000f5b5a128,0x00000000fa000000)
  to   space 81408K, 0% used [0x00000000fa680000,0x00000000fa680000,0x00000000ff600000)
 ParOldGen       total 325120K, used 252422K [0x00000000c1400000, 0x00000000d5180000, 0x00000000eb180000)
  object space 325120K, 77% used [0x00000000c1400000,0x00000000d0a81a60,0x00000000d5180000)
 Metaspace       used 49070K, capacity 49463K, committed 50048K, reserved 1093632K
  class space    used 6020K, capacity 6150K, committed 6272K, reserved 1048576K
Event: 265.357 GC heap after
Heap after GC invocations=56 (full 9):
 PSYoungGen      total 244224K, used 0K [0x00000000eb180000, 0x00000000ff600000, 0x0000000100000000)
  eden space 158720K, 0% used [0x00000000eb180000,0x00000000eb180000,0x00000000f4c80000)
  from space 85504K, 0% used [0x00000000f4c80000,0x00000000f4c80000,0x00000000fa000000)
  to   space 81408K, 0% used [0x00000000fa680000,0x00000000fa680000,0x00000000ff600000)
 ParOldGen       total 325120K, used 262591K [0x00000000c1400000, 0x00000000d5180000, 0x00000000eb180000)
  object space 325120K, 80% used [0x00000000c1400000,0x00000000d146fc28,0x00000000d5180000)
 Metaspace       used 49070K, capacity 49463K, committed 50048K, reserved 1093632K
  class space    used 6020K, capacity 6150K, committed 6272K, reserved 1048576K
}
Event: 267.306 GC heap before
{Heap before GC invocations=57 (full 9):
 PSYoungGen      total 244224K, used 158720K [0x00000000eb180000, 0x00000000ff600000, 0x0000000100000000)
  eden space 158720K, 100% used [0x00000000eb180000,0x00000000f4c80000,0x00000000f4c80000)
  from space 85504K, 0% used [0x00000000f4c80000,0x00000000f4c80000,0x00000000fa000000)
  to   space 81408K, 0% used [0x00000000fa680000,0x00000000fa680000,0x00000000ff600000)
 ParOldGen       total 325120K, used 262591K [0x00000000c1400000, 0x00000000d5180000, 0x00000000eb180000)
  object space 325120K, 80% used [0x00000000c1400000,0x00000000d146fc28,0x00000000d5180000)
 Metaspace       used 49571K, capacity 49987K, committed 50560K, reserved 1093632K
  class space    used 6077K, capacity 6216K, committed 6272K, reserved 1048576K
Event: 267.334 GC heap after
Heap after GC invocations=57 (full 9):
 PSYoungGen      total 252416K, used 9713K [0x00000000eb180000, 0x00000000ff480000, 0x0000000100000000)
  eden space 172544K, 0% used [0x00000000eb180000,0x00000000eb180000,0x00000000f5a00000)
  from space 79872K, 12% used [0x00000000fa680000,0x00000000faffc4a0,0x00000000ff480000)
  to   space 78336K, 0% used [0x00000000f5a00000,0x00000000f5a00000,0x00000000fa680000)
 ParOldGen       total 325120K, used 262591K [0x00000000c1400000, 0x00000000d5180000, 0x00000000eb180000)
  object space 325120K, 80% used [0x00000000c1400000,0x00000000d146fc28,0x00000000d5180000)
 Metaspace       used 49571K, capacity 49987K, committed 50560K, reserved 1093632K
  class space    used 6077K, capacity 6216K, committed 6272K, reserved 1048576K
}

Deoptimization events (10 events):
Event: 267.998 Thread 0x00000000029b4800 Uncommon trap: reason=bimorphic action=maybe_recompile pc=0x0000000004070f04 method=net.minecraft.block.state.BlockStateContainer$StateImplementation.getBoundingBox(Lnet/minecraft/world/IBlockAccess;Lnet/minecraft/util/math/BlockPos;)Lnet/minecraft/util/m
Event: 267.998 Thread 0x00000000029b4800 Uncommon trap: reason=bimorphic action=maybe_recompile pc=0x0000000004070f04 method=net.minecraft.block.state.BlockStateContainer$StateImplementation.getBoundingBox(Lnet/minecraft/world/IBlockAccess;Lnet/minecraft/util/math/BlockPos;)Lnet/minecraft/util/m
Event: 267.998 Thread 0x00000000029b4800 Uncommon trap: reason=bimorphic action=maybe_recompile pc=0x0000000004070f04 method=net.minecraft.block.state.BlockStateContainer$StateImplementation.getBoundingBox(Lnet/minecraft/world/IBlockAccess;Lnet/minecraft/util/math/BlockPos;)Lnet/minecraft/util/m
Event: 268.852 Thread 0x00000000029b4800 Uncommon trap: reason=bimorphic action=maybe_recompile pc=0x00000000030ad6c4 method=net.minecraft.client.renderer.texture.TextureManager.bindTexture(Lnet/minecraft/util/ResourceLocation;)V @ 35
Event: 268.855 Thread 0x00000000029b4800 Uncommon trap: reason=unstable_if action=reinterpret pc=0x00000000034fa8bc method=net.minecraft.client.renderer.WorldVertexBufferUploader.draw(Lnet/minecraft/client/renderer/VertexBuffer;)V @ 4
Event: 269.128 Thread 0x00000000029b4800 Uncommon trap: reason=predicate action=maybe_recompile pc=0x00000000043eadcc method=net.minecraft.world.World.getEntitiesInAABBexcluding(Lnet/minecraft/entity/Entity;Lnet/minecraft/util/math/AxisAlignedBB;Lcom/google/common/base/Predicate;)Ljava/util/List
Event: 269.197 Thread 0x000000006bc68800 Uncommon trap: reason=class_check action=maybe_recompile pc=0x0000000003b0d760 method=com.google.common.collect.AbstractMapBasedMultimap.wrapCollection(Ljava/lang/Object;Ljava/util/Collection;)Ljava/util/Collection; @ 36
Event: 269.197 Thread 0x000000006bc68800 Uncommon trap: reason=bimorphic action=maybe_recompile pc=0x0000000003a6e9cc method=com.google.common.collect.AbstractMapBasedMultimap$WrappedCollection.refreshIfEmpty()V @ 40
Event: 269.197 Thread 0x000000006bc68800 Uncommon trap: reason=class_check action=maybe_recompile pc=0x0000000003b7198c method=com.google.common.collect.AbstractMapBasedMultimap.iteratorOrListIterator(Ljava/util/Collection;)Ljava/util/Iterator; @ 20
Event: 269.198 Thread 0x000000006bc68800 Uncommon trap: reason=bimorphic action=maybe_recompile pc=0x0000000002d6b068 method=com.google.common.collect.AbstractMapBasedMultimap$WrappedCollection$WrappedIterator.hasNext()Z @ 8

Internal exceptions (10 events):
Event: 252.936 Thread 0x0000000016beb000 Implicit null exception at 0x0000000003b130d4 to 0x0000000003b1370a
Event: 261.610 Thread 0x0000000016beb000 Implicit null exception at 0x0000000003339edd to 0x000000000333a99d
Event: 265.406 Thread 0x0000000016bea000 Exception <a 'java/lang/InterruptedException': sleep interrupted> (0x00000000eb784918) thrown at [C:\re\workspace\8-2-build-windows-amd64-cygwin\jdk8u111\7883\hotspot\src\share\vm\prims\jvm.cpp, line 3224]
Event: 266.388 Thread 0x00000000029b4800 Implicit null exception at 0x00000000042ac880 to 0x00000000042aced7
Event: 266.873 Thread 0x00000000029b4800 Exception <a 'java/lang/IndexOutOfBoundsException'> (0x00000000f2988890) thrown at [C:\re\workspace\8-2-build-windows-amd64-cygwin\jdk8u111\7883\hotspot\src\share\vm\runtime\sharedRuntime.cpp, line 605]
Event: 266.873 Thread 0x00000000029b4800 Exception <a 'java/lang/IndexOutOfBoundsException'> (0x00000000f2988ac8) thrown at [C:\re\workspace\8-2-build-windows-amd64-cygwin\jdk8u111\7883\hotspot\src\share\vm\runtime\sharedRuntime.cpp, line 605]
Event: 267.600 Thread 0x0000000016bea000 Exception <a 'java/lang/InterruptedException': sleep interrupted> (0x00000000ec5ae240) thrown at [C:\re\workspace\8-2-build-windows-amd64-cygwin\jdk8u111\7883\hotspot\src\share\vm\prims\jvm.cpp, line 3224]
Event: 267.601 Thread 0x0000000016bea000 Exception <a 'java/lang/InterruptedException': sleep interrupted> (0x00000000ec5ae4c0) thrown at [C:\re\workspace\8-2-build-windows-amd64-cygwin\jdk8u111\7883\hotspot\src\share\vm\prims\jvm.cpp, line 3224]
Event: 269.128 Thread 0x0000000016bea000 Exception <a 'java/lang/InterruptedException': sleep interrupted> (0x00000000ec5ae740) thrown at [C:\re\workspace\8-2-build-windows-amd64-cygwin\jdk8u111\7883\hotspot\src\share\vm\prims\jvm.cpp, line 3224]
Event: 269.128 Thread 0x0000000016bea000 Exception <a 'java/lang/InterruptedException': sleep interrupted> (0x00000000ec5ae9c0) thrown at [C:\re\workspace\8-2-build-windows-amd64-cygwin\jdk8u111\7883\hotspot\src\share\vm\prims\jvm.cpp, line 3224]

Events (10 events):
Event: 269.198 Thread 0x000000006bc68800 DEOPT UNPACKING pc=0x0000000002af582a sp=0x000000000020ef38 mode 2
Event: 269.200 loading class com/google/common/cache/LocalCache$StrongWriteEntry
Event: 269.200 loading class com/google/common/cache/LocalCache$StrongWriteEntry done
Event: 269.201 Executing VM operation: RevokeBias
Event: 269.204 Executing VM operation: RevokeBias done
Event: 269.205 Executing VM operation: RevokeBias
Event: 269.205 Executing VM operation: RevokeBias done
Event: 269.205 Executing VM operation: RevokeBias
Event: 269.206 Executing VM operation: RevokeBias done
Event: 269.210 Executing VM operation: RevokeBias


Dynamic libraries:
0x00007ff775cc0000 - 0x00007ff775cf7000 	C:\Program Files\Java\jdk1.8.0_111\bin\java.exe
0x00007ffad26c0000 - 0x00007ffad2891000 	C:\WINDOWS\SYSTEM32\ntdll.dll
0x00007ffacfc50000 - 0x00007ffacfcfc000 	C:\WINDOWS\System32\KERNEL32.DLL
0x00007ffacef40000 - 0x00007ffacf15d000 	C:\WINDOWS\System32\KERNELBASE.dll
0x00007ffacff30000 - 0x00007ffacffd2000 	C:\WINDOWS\System32\ADVAPI32.dll
0x00007ffacfd00000 - 0x00007ffacfd9e000 	C:\WINDOWS\System32\msvcrt.dll
0x00007ffad1570000 - 0x00007ffad15c9000 	C:\WINDOWS\System32\sechost.dll
0x00007ffad2590000 - 0x00007ffad26b1000 	C:\WINDOWS\System32\RPCRT4.dll
0x00007ffad1980000 - 0x00007ffad1ae5000 	C:\WINDOWS\System32\USER32.dll
0x00007ffacf2e0000 - 0x00007ffacf2fe000 	C:\WINDOWS\System32\win32u.dll
0x00007ffad20e0000 - 0x00007ffad2114000 	C:\WINDOWS\System32\GDI32.dll
0x00007ffacf160000 - 0x00007ffacf2e0000 	C:\WINDOWS\System32\gdi32full.dll
0x00007ffac2330000 - 0x00007ffac25aa000 	C:\WINDOWS\WinSxS\amd64_microsoft.windows.common-controls_6595b64144ccf1df_6.0.14393.953_none_42151e83c686086b\COMCTL32.dll
0x00007ffad2120000 - 0x00007ffad23e8000 	C:\WINDOWS\System32\combase.dll
0x00007ffacee40000 - 0x00007ffacef35000 	C:\WINDOWS\System32\ucrtbase.dll
0x00007ffacf3a0000 - 0x00007ffacf40a000 	C:\WINDOWS\System32\bcryptPrimitives.dll
0x00007ffad1af0000 - 0x00007ffad1b1e000 	C:\WINDOWS\System32\IMM32.DLL
0x0000000063360000 - 0x0000000063432000 	C:\Program Files\Java\jdk1.8.0_111\jre\bin\msvcr100.dll
0x0000000062ac0000 - 0x000000006335a000 	C:\Program Files\Java\jdk1.8.0_111\jre\bin\server\jvm.dll
0x00007ffad1670000 - 0x00007ffad1678000 	C:\WINDOWS\System32\PSAPI.DLL
0x00007ffac5580000 - 0x00007ffac5589000 	C:\WINDOWS\SYSTEM32\WSOCK32.dll
0x00007ffaccfb0000 - 0x00007ffaccfd3000 	C:\WINDOWS\SYSTEM32\WINMM.dll
0x00007ffad14f0000 - 0x00007ffad155a000 	C:\WINDOWS\System32\WS2_32.dll
0x00007ffac2620000 - 0x00007ffac262a000 	C:\WINDOWS\SYSTEM32\VERSION.dll
0x00007ffaccf80000 - 0x00007ffaccfab000 	C:\WINDOWS\SYSTEM32\WINMMBASE.dll
0x00007ffacec20000 - 0x00007ffacec62000 	C:\WINDOWS\System32\cfgmgr32.dll
0x00000000634f0000 - 0x00000000634ff000 	C:\Program Files\Java\jdk1.8.0_111\jre\bin\verify.dll
0x00000000634c0000 - 0x00000000634e9000 	C:\Program Files\Java\jdk1.8.0_111\jre\bin\java.dll
0x00000000634a0000 - 0x00000000634b6000 	C:\Program Files\Java\jdk1.8.0_111\jre\bin\zip.dll
0x00007ffacffe0000 - 0x00007ffad14e8000 	C:\WINDOWS\System32\SHELL32.dll
0x00007ffacf4c0000 - 0x00007ffacfb9a000 	C:\WINDOWS\System32\windows.storage.dll
0x00007ffaceb40000 - 0x00007ffaceb8c000 	C:\WINDOWS\System32\powrprof.dll
0x00007ffacfea0000 - 0x00007ffacfef2000 	C:\WINDOWS\System32\shlwapi.dll
0x00007ffacebb0000 - 0x00007ffacebbf000 	C:\WINDOWS\System32\kernel.appcore.dll
0x00007ffacfba0000 - 0x00007ffacfc49000 	C:\WINDOWS\System32\shcore.dll
0x00007ffaceb90000 - 0x00007ffaceba4000 	C:\WINDOWS\System32\profapi.dll
0x0000000063450000 - 0x000000006345d000 	C:\Program Files\Java\jdk1.8.0_111\jre\bin\management.dll
0x0000000063480000 - 0x000000006349a000 	C:\Program Files\Java\jdk1.8.0_111\jre\bin\net.dll
0x00007fface400000 - 0x00007fface45c000 	C:\WINDOWS\system32\mswsock.dll
0x0000000063460000 - 0x0000000063471000 	C:\Program Files\Java\jdk1.8.0_111\jre\bin\nio.dll
0x00007fface5a0000 - 0x00007fface5b7000 	C:\WINDOWS\SYSTEM32\CRYPTSP.dll
0x00007fface000000 - 0x00007fface033000 	C:\WINDOWS\system32\rsaenh.dll
0x00007ffacea70000 - 0x00007ffacea9b000 	C:\WINDOWS\SYSTEM32\bcrypt.dll
0x00007fface1c0000 - 0x00007fface1df000 	C:\WINDOWS\SYSTEM32\USERENV.dll
0x00007fface5c0000 - 0x00007fface5cb000 	C:\WINDOWS\SYSTEM32\CRYPTBASE.dll
0x00007fface180000 - 0x00007fface1b8000 	C:\WINDOWS\SYSTEM32\IPHLPAPI.DLL
0x00007ffacff20000 - 0x00007ffacff28000 	C:\WINDOWS\System32\NSI.dll
0x00007ffac84a0000 - 0x00007ffac84b6000 	C:\WINDOWS\SYSTEM32\dhcpcsvc6.DLL
0x00007ffac85a0000 - 0x00007ffac85ba000 	C:\WINDOWS\SYSTEM32\dhcpcsvc.DLL
0x00007ffacca10000 - 0x00007ffacca1a000 	C:\Users\phlaxyr\AppData\Local\Temp\jansi-64-4871061849951551274.dll
0x00007ffabb0d0000 - 0x00007ffabb0e6000 	C:\WINDOWS\system32\napinsp.dll
0x00007ffabb0f0000 - 0x00007ffabb10a000 	C:\WINDOWS\system32\pnrpnsp.dll
0x00007ffac9d70000 - 0x00007ffac9d88000 	C:\WINDOWS\system32\NLAapi.dll
0x00007fface1e0000 - 0x00007fface281000 	C:\WINDOWS\SYSTEM32\DNSAPI.dll
0x00007ffabb170000 - 0x00007ffabb17e000 	C:\WINDOWS\System32\winrnr.dll
0x00007ffabb180000 - 0x00007ffabb195000 	C:\WINDOWS\System32\wshbth.dll
0x00007ffac1c70000 - 0x00007ffac1c7a000 	C:\Windows\System32\rasadhlp.dll
0x00007ffac7bc0000 - 0x00007ffac7c2a000 	C:\WINDOWS\System32\fwpuclnt.dll
0x0000000180000000 - 0x0000000180053000 	C:\Users\phlaxyr\.gradle\caches\minecraft\net\minecraft\natives\1.10.2\lwjgl64.dll
0x00007ffab4f00000 - 0x00007ffab5023000 	C:\WINDOWS\SYSTEM32\OPENGL32.dll
0x00007ffac2110000 - 0x00007ffac213d000 	C:\WINDOWS\SYSTEM32\GLU32.dll
0x00007ffab4e00000 - 0x00007ffab4ef7000 	C:\WINDOWS\SYSTEM32\DDRAW.dll
0x00007ffac75e0000 - 0x00007ffac75e8000 	C:\WINDOWS\SYSTEM32\DCIMAN32.dll
0x0000000062830000 - 0x00000000629c8000 	C:\Program Files\Java\jdk1.8.0_111\jre\bin\awt.dll
0x00007ffad1f50000 - 0x00007ffad200f000 	C:\WINDOWS\System32\OLEAUT32.dll
0x00007ffacf300000 - 0x00007ffacf39c000 	C:\WINDOWS\System32\msvcp_win.dll
0x00007ffacd0d0000 - 0x00007ffacd14a000 	C:\WINDOWS\SYSTEM32\apphelp.dll
0x00007ffacd2b0000 - 0x00007ffacd345000 	C:\WINDOWS\system32\uxtheme.dll
0x00007ffad1680000 - 0x00007ffad17da000 	C:\WINDOWS\System32\MSCTF.dll
0x00007ffaccbd0000 - 0x00007ffaccbf6000 	C:\WINDOWS\system32\dwmapi.dll
0x00007ffaa5cd0000 - 0x00007ffaa69e7000 	C:\WINDOWS\SYSTEM32\ig8icd64.dll
0x00007ffaccb10000 - 0x00007ffaccb23000 	C:\WINDOWS\SYSTEM32\WTSAPI32.dll
0x00007ffaca0f0000 - 0x00007ffacab30000 	C:\WINDOWS\SYSTEM32\igdusc64.dll
0x00007ffab7160000 - 0x00007ffab71f1000 	C:\WINDOWS\SYSTEM32\mscms.dll
0x00007ffabd3b0000 - 0x00007ffabd3f2000 	C:\WINDOWS\SYSTEM32\icm32.dll
0x000000001b850000 - 0x000000001b888000 	C:\Users\phlaxyr\AppData\Local\Temp\jna\jna4767894109094829086.dll
0x0000000000d70000 - 0x0000000000dd4000 	C:\Users\phlaxyr\.gradle\caches\minecraft\net\minecraft\natives\1.10.2\OpenAL64.dll
0x00007ffad2450000 - 0x00007ffad2588000 	C:\WINDOWS\System32\ole32.dll
0x00007ffad15d0000 - 0x00007ffad166f000 	C:\WINDOWS\System32\clbcatq.dll
0x00007ffac83a0000 - 0x00007ffac8411000 	C:\WINDOWS\System32\MMDevApi.dll
0x00007ffacd7f0000 - 0x00007ffacd818000 	C:\WINDOWS\System32\DEVOBJ.dll
0x00007ffacc670000 - 0x00007ffacc7f5000 	C:\WINDOWS\System32\PROPSYS.dll
0x00007ffaabc70000 - 0x00007ffaabd0b000 	C:\WINDOWS\SYSTEM32\dsound.dll
0x00007ffac2ad0000 - 0x00007ffac2b64000 	C:\WINDOWS\SYSTEM32\AUDIOSES.DLL
0x00007ffacbee0000 - 0x00007ffacc016000 	C:\WINDOWS\SYSTEM32\wintypes.dll
0x0000000018520000 - 0x0000000018567000 	C:\Program Files\Java\jdk1.8.0_111\jre\bin\fontmanager.dll
0x000000001b890000 - 0x000000001b8d2000 	C:\Program Files\Java\jdk1.8.0_111\jre\bin\t2k.dll
0x0000000062a90000 - 0x0000000062ab4000 	C:\Program Files\Java\jdk1.8.0_111\jre\bin\sunec.dll
0x0000000018580000 - 0x000000001858b000 	C:\Program Files\Java\jdk1.8.0_111\jre\bin\sunmscapi.dll
0x00007ffacec70000 - 0x00007ffacee39000 	C:\WINDOWS\System32\CRYPT32.dll
0x00007ffaceb30000 - 0x00007ffaceb40000 	C:\WINDOWS\System32\MSASN1.dll

VM Arguments:
jvm_args: -Dfile.encoding=windows-1252 -Duser.country=US -Duser.language=en -Duser.variant 
java_command: GradleStart
java_class_path (initial): C:\Users\phlaxyr\.gradle\caches\minecraft\deobfedDeps\compileDummy.jar;C:\Users\phlaxyr\.gradle\caches\minecraft\deobfedDeps\providedDummy.jar;C:\Users\phlaxyr\.gradle\caches\minecraft\net\minecraftforge\forge\1.10.2-12.18.2.2114\snapshot\20160518\forgeSrc-1.10.2-12.18.2.2114.jar;C:\Users\phlaxyr\.gradle\caches\modules-2\files-2.1\com.google.code.findbugs\jsr305\3.0.1\f7be08ec23c21485b9b5a1cf1654c2ec8c58168d\jsr305-3.0.1.jar;C:\Users\phlaxyr\.gradle\caches\modules-2\files-2.1\com.mojang\netty\1.6\4b75825a06139752bd800d9e29c5fd55b8b1b1e4\netty-1.6.jar;C:\Users\phlaxyr\.gradle\caches\modules-2\files-2.1\oshi-project\oshi-core\1.1\9ddf7b048a8d701be231c0f4f95fd986198fd2d8\oshi-core-1.1.jar;C:\Users\phlaxyr\.gradle\caches\modules-2\files-2.1\net.java.dev.jna\jna\3.4.0\803ff252fedbd395baffd43b37341dc4a150a554\jna-3.4.0.jar;C:\Users\phlaxyr\.gradle\caches\modules-2\files-2.1\net.java.dev.jna\platform\3.4.0\e3f70017be8100d3d6923f50b3d2ee17714e9c13\platform-3.4.0.jar;C:\Users\phlaxyr\.gradle\caches\modules-2\files-2.1\com.ibm.icu\icu4j-core-mojang\51.2\63d216a9311cca6be337c1e458e587f99d382b84\icu4j-core-mojang-51.2.jar;C:\Users\phlaxyr\.gradle\caches\modules-2\files-2.1\net.sf.jopt-simple\jopt-simple\4.6\306816fb57cf94f108a43c95731b08934dcae15c\jopt-simple-4.6.jar;C:\Users\phlaxyr\.gradle\caches\modules-2\files-2.1\io.netty\netty-all\4.0.23.Final\294104aaf1781d6a56a07d561e792c5d0c95f45\netty-all-4.0.23.Final.jar;C:\Users\phlaxyr\.gradle\caches\modules-2\files-2.1\com.google.guava\guava\17.0\9c6ef172e8de35fd8d4d8783e4821e57cdef7445\guava-17.0.jar;C:\Users\phlaxyr\.gradle\caches\modules-2\files-2.1\org.apache.commons\commons-lang3\3.3.2\90a3822c38ec8c996e84c16a3477ef632cbc87a3\commons-lang3-3.3.2.jar;C:\Users\phlaxyr\.gradle\caches\modules-2\files-2.1\commons-io\commons-io\2.4\b1b6ea3b7e4aa4f492509a4952029cd8e48019ad\commons-io-2.4.jar;C:\Users\phlaxyr\.gradle\caches\modules-2\files-2.1\commons-codec\commons-codec\1.9\9ce04e34240f674bc72680f8b843b1
Launcher Type: SUN_STANDARD

Environment Variables:
PATH=C:/Program Files/Java/jre1.8.0_111/bin/server;C:/Program Files/Java/jre1.8.0_111/bin;C:/Program Files/Java/jre1.8.0_111/lib/amd64;C:\ProgramData\Oracle\Java\javapath;C:\Program Files (x86)\Intel\TXE Components\TCS\;C:\Program Files\Intel\TXE Components\TCS\;C:\WINDOWS\system32;C:\WINDOWS;C:\WINDOWS\System32\Wbem;C:\WINDOWS\System32\WindowsPowerShell\v1.0\;C:\Program Files (x86)\Common Files\lenovo\easyplussdk\bin;C:\Program Files\Intel\TXE Components\DAL\;C:\Program Files (x86)\Intel\TXE Components\DAL\;C:\Program Files\Intel\TXE Components\IPT\;C:\Program Files (x86)\Intel\TXE Components\IPT\;C:\Program Files\Git\cmd;C:\Users\phlaxyr\AppData\Local\Microsoft\WindowsApps;;C:\Users\phlaxyr\eclipse\java-neon\eclipse;
USERNAME=phlaxyr
OS=Windows_NT
PROCESSOR_IDENTIFIER=Intel64 Family 6 Model 76 Stepping 4, GenuineIntel



---------------  S Y S T E M  ---------------

OS: Windows 10.0 , 64 bit Build 14393 (10.0.14393.1198)

CPU:total 2 (2 cores per cpu, 1 threads per core) family 6 model 76 stepping 4, cmov, cx8, fxsr, mmx, sse, sse2, sse3, ssse3, sse4.1, sse4.2, popcnt, aes, clmul, erms, 3dnowpref, tsc, tscinvbit

Memory: 4k page, physical 4105360k(280752k free), swap 16688272k(1724k free)

vm_info: Java HotSpot(TM) 64-Bit Server VM (25.111-b14) for windows-amd64 JRE (1.8.0_111-b14), built on Sep 22 2016 19:24:05 by "java_re" with MS VC++ 10.0 (VS2010)

time: Tue Jun 20 20:53:53 2017
elapsed time: 269 seconds (0d 0h 4m 29s)

